<?xml version="1.0" encoding="UTF-8"?>
<!-- Generated by org.testng.reporters.JUnitReportReporter -->
<testsuite hostname="LAPTOP-53DNU0NV" failures="0" tests="2" name="Annotations.Example_Annotations1" time="0.001" errors="0" timestamp="2022-05-20T17:40:31 IST" skipped="0">
  <testcase classname="Annotations.Example_Annotations1" name="verifyLogin" time="0.001"/>
  <system-out/>
  <testcase classname="Annotations.Example_Annotations1" name="createTask" time="0.000"/>
  <system-out/>
</testsuite> <!-- Annotations.Example_Annotations1 -->
