<?xml version="1.0" encoding="UTF-8"?>
<!-- Generated by org.testng.reporters.JUnitReportReporter -->
<testsuite hostname="LAPTOP-53DNU0NV" failures="0" tests="1" name="Practice.NewTest" time="7.948" errors="0" timestamp="2022-05-20T17:31:18 IST" skipped="0">
  <testcase classname="Practice.NewTest" name="f" time="7.948"/>
  <system-out/>
</testsuite> <!-- Practice.NewTest -->
