<?xml version="1.0" encoding="UTF-8"?>
<!-- Generated by org.testng.reporters.JUnitReportReporter -->
<testsuite hostname="LAPTOP-53DNU0NV" failures="0" tests="2" name="Basics.Example6" time="0.002" errors="0" timestamp="2022-05-20T17:40:31 IST" skipped="0">
  <testcase classname="Basics.Example6" name="testCase7" time="0.001"/>
  <system-out/>
  <testcase classname="Basics.Example6" name="testCase8" time="0.001"/>
  <system-out/>
</testsuite> <!-- Basics.Example6 -->
