<?xml version="1.0" encoding="UTF-8"?>
<!-- Generated by org.testng.reporters.JUnitReportReporter -->
<testsuite hostname="LAPTOP-53DNU0NV" failures="0" tests="2" name="Parametrs.Example_Param1" time="0.000" errors="0" timestamp="2022-05-20T17:40:31 IST" skipped="0">
  <testcase classname="Parametrs.Example_Param1" name="param1" time="0.000"/>
  <system-out/>
  <testcase classname="Parametrs.Example_Param1" name="param1" time="0.000"/>
  <system-out/>
</testsuite> <!-- Parametrs.Example_Param1 -->
