<?xml version="1.0" encoding="UTF-8"?>
<!-- Generated by org.testng.reporters.JUnitReportReporter -->
<testsuite hostname="LAPTOP-53DNU0NV" failures="0" tests="1" name="Basics.Example3" time="2.013" errors="0" timestamp="2022-05-20T17:40:31 IST" skipped="0">
  <testcase classname="Basics.Example3" name="testCase3" time="2.013"/>
  <system-out/>
</testsuite> <!-- Basics.Example3 -->
