<?xml version="1.0" encoding="UTF-8"?>
<!-- Generated by org.testng.reporters.JUnitReportReporter -->
<testsuite hostname="LAPTOP-53DNU0NV" failures="0" tests="2" name="Basics.Example7" time="26.209" errors="0" timestamp="2022-05-20T17:40:31 IST" skipped="0">
  <testcase classname="Basics.Example7" name="loginLogoutInActitimeApplication" time="14.215"/>
  <system-out/>
  <testcase classname="Basics.Example7" name="loginPageValidationInActitimeApplication" time="11.994"/>
  <system-out/>
</testsuite> <!-- Basics.Example7 -->
