<?xml version="1.0" encoding="UTF-8"?>
<!-- Generated by org.testng.reporters.JUnitReportReporter -->
<testsuite hostname="LAPTOP-53DNU0NV" failures="0" tests="1" name="Basics.Example8" time="11.788" errors="0" timestamp="2022-05-20T17:40:31 IST" skipped="0">
  <testcase classname="Basics.Example8" name="loginLogoutInActitimeApplication" time="11.788"/>
  <system-out/>
</testsuite> <!-- Basics.Example8 -->
