<?xml version="1.0" encoding="UTF-8"?>
<!-- Generated by org.testng.reporters.JUnitReportReporter -->
<testsuite hostname="LAPTOP-53DNU0NV" failures="0" tests="3" name="Parametrs.Example_Param3" time="0.001" errors="0" timestamp="2022-05-20T17:40:31 IST" skipped="1">
  <testcase classname="Parametrs.Example_Param3" name="param3" time="0.001"/>
  <system-out/>
  <testcase classname="Parametrs.Example_Param3" name="param1" time="0.000"/>
  <system-out/>
  <testcase classname="Parametrs.Example_Param3" name="param2">
    <skipped/>
  </testcase> <!-- param2 -->
  <system-out/>
</testsuite> <!-- Parametrs.Example_Param3 -->
