<?xml version="1.0" encoding="UTF-8"?>
<!-- Generated by org.testng.reporters.JUnitReportReporter -->
<testsuite hostname="LAPTOP-53DNU0NV" failures="0" tests="1" name="sampletest.ScreenshotNew" time="17.389" errors="0" timestamp="21 May 2022 09:45:34 GMT">
  <testcase classname="sampletest.ScreenshotNew" name="TakeSS" time="17.389"/>
</testsuite> <!-- sampletest.ScreenshotNew -->
