<?xml version="1.0" encoding="UTF-8"?>
<!-- Generated by org.testng.reporters.JUnitReportReporter -->
<testsuite hostname="LAPTOP-53DNU0NV" failures="0" tests="5" name="DataProvider.Rediiff_DataProvider" time="18.270" errors="0" timestamp="7 May 2022 11:49:20 GMT">
  <testcase classname="DataProvider.Rediiff_DataProvider" name="rediffReg" time="3.063"/>
  <testcase classname="DataProvider.Rediiff_DataProvider" name="rediffReg" time="3.534"/>
  <testcase classname="DataProvider.Rediiff_DataProvider" name="rediffReg" time="3.588"/>
  <testcase classname="DataProvider.Rediiff_DataProvider" name="rediffReg" time="4.893"/>
  <testcase classname="DataProvider.Rediiff_DataProvider" name="rediffReg" time="3.192"/>
</testsuite> <!-- DataProvider.Rediiff_DataProvider -->
