<?xml version="1.0" encoding="UTF-8"?>
<!-- Generated by org.testng.reporters.JUnitReportReporter -->
<testsuite hostname="LAPTOP-53DNU0NV" failures="0" tests="1" name="DDT.ExcelRead" time="0.537" errors="0" timestamp="6 May 2022 17:45:28 GMT">
  <testcase classname="DDT.ExcelRead" name="ExcelReading" time="0.537"/>
</testsuite> <!-- DDT.ExcelRead -->
