<?xml version="1.0" encoding="UTF-8"?>
<!-- Generated by org.testng.reporters.JUnitReportReporter -->
<testsuite hostname="LAPTOP-53DNU0NV" failures="0" tests="5" name="DataProvider.Rediiff_DataProvider" time="18.180" errors="0" timestamp="21 May 2022 10:18:00 GMT">
  <testcase classname="DataProvider.Rediiff_DataProvider" name="rediffReg" time="2.788"/>
  <testcase classname="DataProvider.Rediiff_DataProvider" name="rediffReg" time="2.561"/>
  <testcase classname="DataProvider.Rediiff_DataProvider" name="rediffReg" time="3.531"/>
  <testcase classname="DataProvider.Rediiff_DataProvider" name="rediffReg" time="6.720"/>
  <testcase classname="DataProvider.Rediiff_DataProvider" name="rediffReg" time="2.580"/>
</testsuite> <!-- DataProvider.Rediiff_DataProvider -->
