<?xml version="1.0" encoding="UTF-8"?>
<!-- Generated by org.testng.reporters.JUnitReportReporter -->
<testsuite hostname="LAPTOP-53DNU0NV" failures="0" tests="5" name="DataProvider.Rediiff_DataProvider" time="19.320" errors="0" timestamp="2022-05-24T17:36:11 IST" skipped="0">
  <testcase classname="DataProvider.Rediiff_DataProvider" name="rediffReg" time="3.094"/>
  <system-out/>
  <testcase classname="DataProvider.Rediiff_DataProvider" name="rediffReg" time="3.289"/>
  <system-out/>
  <testcase classname="DataProvider.Rediiff_DataProvider" name="rediffReg" time="3.244"/>
  <system-out/>
  <testcase classname="DataProvider.Rediiff_DataProvider" name="rediffReg" time="3.467"/>
  <system-out/>
  <testcase classname="DataProvider.Rediiff_DataProvider" name="rediffReg" time="6.226"/>
  <system-out/>
</testsuite> <!-- DataProvider.Rediiff_DataProvider -->
