<?xml version="1.0" encoding="UTF-8"?>
<!-- Generated by org.testng.reporters.JUnitReportReporter -->
<testsuite hostname="LAPTOP-53DNU0NV" failures="0" tests="1" name="sampletest.Screenshot" time="7.059" errors="0" timestamp="6 May 2022 09:21:31 GMT">
  <testcase classname="sampletest.Screenshot" name="testScreenShot" time="7.059"/>
</testsuite> <!-- sampletest.Screenshot -->
